This is pdfTeX, Version 3.141592653-2.6-1.40.22 (MiKTeX 21.3) (preloaded format=pdflatex 2021.6.12)  14 NOV 2021 00:31
entering extended mode
**"./Tarea 8. Desarrollo de un sistema utilizando un servicio web.tex"
(Tarea 8. Desarrollo de un sistema utilizando un servicio web.tex
LaTeX2e <2020-10-01> patch level 4
L3 programming layer <2021-02-18> xparse <2020-03-03>
(C:\Users\josue\AppData\Local\Programs\MiKTeX\tex/latex/base\article.cls
Document Class: article 2020/04/10 v1.4m Standard LaTeX document class
(C:\Users\josue\AppData\Local\Programs\MiKTeX\tex/latex/base\size11.clo
File: size11.clo 2020/04/10 v1.4m Standard LaTeX file (size option)
)
\c@part=\count179
\c@section=\count180
\c@subsection=\count181
\c@subsubsection=\count182
\c@paragraph=\count183
\c@subparagraph=\count184
\c@figure=\count185
\c@table=\count186
\abovecaptionskip=\skip47
\belowcaptionskip=\skip48
\bibindent=\dimen138
)
(C:\Users\josue\AppData\Local\Programs\MiKTeX\tex/latex/base\inputenc.sty
Package: inputenc 2020/08/01 v1.3d Input encoding file
\inpenc@prehook=\toks15
\inpenc@posthook=\toks16
)
(C:\Users\josue\AppData\Local\Programs\MiKTeX\tex/generic/babel\babel.sty
Package: babel 2021/03/03 3.55 The Babel package

(C:\Users\josue\AppData\Local\Programs\MiKTeX\tex/generic/babel\babel.def
File: babel.def 2021/03/03 3.55 Babel common definitions
\babel@savecnt=\count187
\U@D=\dimen139
\l@babelnohyphens=\language79

(C:\Users\josue\AppData\Local\Programs\MiKTeX\tex/generic/babel\txtbabel.def)
\bbl@readstream=\read2
)
\bbl@dirlevel=\count188

*************************************
* Local config file bblopts.cfg used
*
(C:\Users\josue\AppData\Local\Programs\MiKTeX\tex/latex/arabi\bblopts.cfg
File: bblopts.cfg 2005/09/08 v0.1 add Arabic and Farsi to "declared" options of
 babel
)
(C:\Users\josue\AppData\Local\Programs\MiKTeX\tex/latex/babel-spanish\spanish.l
df
Language: spanish.ldf 2016/03/03 v5.0p Spanish support from the babel system
\es@quottoks=\toks17
\es@quotdepth=\count189
Package babel Info: Making " an active character on input line 561.
Package babel Info: Making . an active character on input line 662.
Package babel Info: Making < an active character on input line 707.
Package babel Info: Making > an active character on input line 707.
))
(C:\Users\josue\AppData\Local\Programs\MiKTeX\tex/latex/amsmath\amsmath.sty
Package: amsmath 2020/09/23 v2.17i AMS math features
\@mathmargin=\skip49

For additional information on amsmath, use the `?' option.
(C:\Users\josue\AppData\Local\Programs\MiKTeX\tex/latex/amsmath\amstext.sty
Package: amstext 2000/06/29 v2.01 AMS text

(C:\Users\josue\AppData\Local\Programs\MiKTeX\tex/latex/amsmath\amsgen.sty
File: amsgen.sty 1999/11/30 v2.0 generic functions
\@emptytoks=\toks18
\ex@=\dimen140
))
(C:\Users\josue\AppData\Local\Programs\MiKTeX\tex/latex/amsmath\amsbsy.sty
Package: amsbsy 1999/11/29 v1.2d Bold Symbols
\pmbraise@=\dimen141
)
(C:\Users\josue\AppData\Local\Programs\MiKTeX\tex/latex/amsmath\amsopn.sty
Package: amsopn 2016/03/08 v2.02 operator names
)
\inf@bad=\count190
LaTeX Info: Redefining \frac on input line 234.
\uproot@=\count191
\leftroot@=\count192
LaTeX Info: Redefining \overline on input line 399.
\classnum@=\count193
\DOTSCASE@=\count194
LaTeX Info: Redefining \ldots on input line 496.
LaTeX Info: Redefining \dots on input line 499.
LaTeX Info: Redefining \cdots on input line 620.
\Mathstrutbox@=\box47
\strutbox@=\box48
\big@size=\dimen142
LaTeX Font Info:    Redeclaring font encoding OML on input line 743.
LaTeX Font Info:    Redeclaring font encoding OMS on input line 744.
\macc@depth=\count195
\c@MaxMatrixCols=\count196
\dotsspace@=\muskip16
\c@parentequation=\count197
\dspbrk@lvl=\count198
\tag@help=\toks19
\row@=\count199
\column@=\count266
\maxfields@=\count267
\andhelp@=\toks20
\eqnshift@=\dimen143
\alignsep@=\dimen144
\tagshift@=\dimen145
\tagwidth@=\dimen146
\totwidth@=\dimen147
\lineht@=\dimen148
\@envbody=\toks21
\multlinegap=\skip50
\multlinetaggap=\skip51
\mathdisplay@stack=\toks22
LaTeX Info: Redefining \[ on input line 2923.
LaTeX Info: Redefining \] on input line 2924.
)
(C:\Users\josue\AppData\Local\Programs\MiKTeX\tex/latex/amscls\amsthm.sty
Package: amsthm 2020/05/29 v2.20.6
\thm@style=\toks23
\thm@bodyfont=\toks24
\thm@headfont=\toks25
\thm@notefont=\toks26
\thm@headpunct=\toks27
\thm@preskip=\skip52
\thm@postskip=\skip53
\thm@headsep=\skip54
\dth@everypar=\toks28
)
(C:\Users\josue\AppData\Local\Programs\MiKTeX\tex/latex/amsfonts\amssymb.sty
Package: amssymb 2013/01/14 v3.01 AMS font symbols

(C:\Users\josue\AppData\Local\Programs\MiKTeX\tex/latex/amsfonts\amsfonts.sty
Package: amsfonts 2013/01/14 v3.01 Basic AMSFonts support
\symAMSa=\mathgroup4
\symAMSb=\mathgroup5
LaTeX Font Info:    Redeclaring math symbol \hbar on input line 98.
LaTeX Font Info:    Overwriting math alphabet `\mathfrak' in version `bold'
(Font)                  U/euf/m/n --> U/euf/b/n on input line 106.
)) (C:\Users\josue\AppData\Local\Programs\MiKTeX\tex/latex/graphics\graphicx.st
y
Package: graphicx 2020/09/09 v1.2b Enhanced LaTeX Graphics (DPC,SPQR)

(C:\Users\josue\AppData\Local\Programs\MiKTeX\tex/latex/graphics\keyval.sty
Package: keyval 2014/10/28 v1.15 key=value parser (DPC)
\KV@toks@=\toks29
)
(C:\Users\josue\AppData\Local\Programs\MiKTeX\tex/latex/graphics\graphics.sty
Package: graphics 2020/08/30 v1.4c Standard LaTeX Graphics (DPC,SPQR)

(C:\Users\josue\AppData\Local\Programs\MiKTeX\tex/latex/graphics\trig.sty
Package: trig 2016/01/03 v1.10 sin cos tan (DPC)
)
(C:\Users\josue\AppData\Local\Programs\MiKTeX\tex/latex/graphics-cfg\graphics.c
fg
File: graphics.cfg 2016/06/04 v1.11 sample graphics configuration
)
Package graphics Info: Driver file: pdftex.def on input line 105.

(C:\Users\josue\AppData\Local\Programs\MiKTeX\tex/latex/graphics-def\pdftex.def
File: pdftex.def 2020/10/05 v1.2a Graphics/color driver for pdftex
))
\Gin@req@height=\dimen149
\Gin@req@width=\dimen150
)
(C:\Users\josue\AppData\Local\Programs\MiKTeX\tex/latex/geometry\geometry.sty
Package: geometry 2020/01/02 v5.9 Page Geometry

(C:\Users\josue\AppData\Local\Programs\MiKTeX\tex/generic/iftex\ifvtex.sty
Package: ifvtex 2019/10/25 v1.7 ifvtex legacy package. Use iftex instead.

(C:\Users\josue\AppData\Local\Programs\MiKTeX\tex/generic/iftex\iftex.sty
Package: iftex 2020/03/06 v1.0d TeX engine tests
))
\Gm@cnth=\count268
\Gm@cntv=\count269
\c@Gm@tempcnt=\count270
\Gm@bindingoffset=\dimen151
\Gm@wd@mp=\dimen152
\Gm@odd@mp=\dimen153
\Gm@even@mp=\dimen154
\Gm@layoutwidth=\dimen155
\Gm@layoutheight=\dimen156
\Gm@layouthoffset=\dimen157
\Gm@layoutvoffset=\dimen158
\Gm@dimlist=\toks30

(C:\Users\josue\AppData\Local\Programs\MiKTeX\tex/latex/geometry\geometry.cfg))
(C:\Users\josue\AppData\Local\Programs\MiKTeX\tex/latex/fancyhdr\fancyhdr.sty
Package: fancyhdr 2021/01/28 v4.0.1 Extensive control of page headers and foote
rs
\f@nch@headwidth=\skip55
\f@nch@O@elh=\skip56
\f@nch@O@erh=\skip57
\f@nch@O@olh=\skip58
\f@nch@O@orh=\skip59
\f@nch@O@elf=\skip60
\f@nch@O@erf=\skip61
\f@nch@O@olf=\skip62
\f@nch@O@orf=\skip63
)
(C:\Users\josue\AppData\Local\Programs\MiKTeX\tex/latex/enumitem\enumitem.sty
Package: enumitem 2019/06/20 v3.9 Customized lists
\labelindent=\skip64
\enit@outerparindent=\dimen159
\enit@toks=\toks31
\enit@inbox=\box49
\enit@count@id=\count271
\enitdp@description=\count272
)
(C:\Users\josue\AppData\Local\Programs\MiKTeX\tex/latex/float\float.sty
Package: float 2001/11/08 v1.3d Float enhancements (AL)
\c@float@type=\count273
\float@exts=\toks32
\float@box=\box50
\@float@everytoks=\toks33
\@floatcapt=\box51
)
(C:\Users\josue\AppData\Local\Programs\MiKTeX\tex/latex/cancel\cancel.sty
Package: cancel 2013/04/12 v2.2 Cancel math terms
)
(C:\Users\josue\AppData\Local\Programs\MiKTeX\tex/latex/bigints\bigints.sty
Package: bigints 2010/02/15 Writing big integrals
Package bigints Info: This is Bigints by Merciadri Luca. on input line 5.
)
(C:\Users\josue\AppData\Local\Programs\MiKTeX\tex/latex/listings\listings.sty
\lst@mode=\count274
\lst@gtempboxa=\box52
\lst@token=\toks34
\lst@length=\count275
\lst@currlwidth=\dimen160
\lst@column=\count276
\lst@pos=\count277
\lst@lostspace=\dimen161
\lst@width=\dimen162
\lst@newlines=\count278
\lst@lineno=\count279
\lst@maxwidth=\dimen163

(C:\Users\josue\AppData\Local\Programs\MiKTeX\tex/latex/listings\lstmisc.sty
File: lstmisc.sty 2020/03/24 1.8d (Carsten Heinz)
\c@lstnumber=\count280
\lst@skipnumbers=\count281
\lst@framebox=\box53
)
(C:\Users\josue\AppData\Local\Programs\MiKTeX\tex/latex/listings\listings.cfg
File: listings.cfg 2020/03/24 1.8d listings configuration
))
Package: listings 2020/03/24 1.8d (Carsten Heinz)
(C:\Users\josue\AppData\Local\Programs\MiKTeX\tex/latex/xcolor\xcolor.sty
Package: xcolor 2016/05/11 v2.12 LaTeX color extensions (UK)

(C:\Users\josue\AppData\Local\Programs\MiKTeX\tex/latex/graphics-cfg\color.cfg
File: color.cfg 2016/01/02 v1.6 sample color configuration
)
Package xcolor Info: Driver file: pdftex.def on input line 225.
Package xcolor Info: Model `cmy' substituted by `cmy0' on input line 1348.
Package xcolor Info: Model `hsb' substituted by `rgb' on input line 1352.
Package xcolor Info: Model `RGB' extended on input line 1364.
Package xcolor Info: Model `HTML' substituted by `rgb' on input line 1366.
Package xcolor Info: Model `Hsb' substituted by `hsb' on input line 1367.
Package xcolor Info: Model `tHsb' substituted by `hsb' on input line 1368.
Package xcolor Info: Model `HSB' substituted by `hsb' on input line 1369.
Package xcolor Info: Model `Gray' substituted by `gray' on input line 1370.
Package xcolor Info: Model `wave' substituted by `hsb' on input line 1371.
)
(C:\Users\josue\AppData\Local\Programs\MiKTeX\tex/latex/listingsutf8\listingsut
f8.sty
Package: listingsutf8 2019-12-10 v1.5 Allow UTF-8 in listings input (HO)

(C:\Users\josue\AppData\Local\Programs\MiKTeX\tex/generic/pdftexcmds\pdftexcmds
.sty
Package: pdftexcmds 2020-06-27 v0.33 Utility functions of pdfTeX for LuaTeX (HO
)

(C:\Users\josue\AppData\Local\Programs\MiKTeX\tex/generic/infwarerr\infwarerr.s
ty
Package: infwarerr 2019/12/03 v1.5 Providing info/warning/error messages (HO)
)
(C:\Users\josue\AppData\Local\Programs\MiKTeX\tex/generic/ltxcmds\ltxcmds.sty
Package: ltxcmds 2020-05-10 v1.25 LaTeX kernel commands for general use (HO)
)
Package pdftexcmds Info: \pdf@primitive is available.
Package pdftexcmds Info: \pdf@ifprimitive is available.
Package pdftexcmds Info: \pdfdraftmode found.
)
(C:\Users\josue\AppData\Local\Programs\MiKTeX\tex/generic/stringenc\stringenc.s
ty
Package: stringenc 2019/11/29 v1.12 Convert strings between diff. encodings (HO
)

(C:\Users\josue\AppData\Local\Programs\MiKTeX\tex/generic/pdfescape\pdfescape.s
ty
Package: pdfescape 2019/12/09 v1.15 Implements pdfTeX's escape features (HO)
)))
(C:\Users\josue\AppData\Local\Programs\MiKTeX\tex/latex/algorithmicx\algpseudoc
ode.sty
Package: algpseudocode 
 (C:\Users\josue\AppData\Local\Programs\MiKTeX\tex/latex/base\ifthen.sty
Package: ifthen 2014/09/29 v1.1c Standard LaTeX ifthen package (DPC)
)
(C:\Users\josue\AppData\Local\Programs\MiKTeX\tex/latex/algorithmicx\algorithmi
cx.sty
Package: algorithmicx 2005/04/27 v1.2 Algorithmicx

Document Style algorithmicx 1.2 - a greatly improved `algorithmic' style
\c@ALG@line=\count282
\c@ALG@rem=\count283
\c@ALG@nested=\count284
\ALG@tlm=\skip65
\ALG@thistlm=\skip66
\c@ALG@Lnr=\count285
\c@ALG@blocknr=\count286
\c@ALG@storecount=\count287
\c@ALG@tmpcounter=\count288
\ALG@tmplength=\skip67
)
Document Style - pseudocode environments for use with the `algorithmicx' style
)
(C:\Users\josue\AppData\Local\Programs\MiKTeX\tex/latex/algorithms\algorithm.st
y
Package: algorithm 2009/08/24 v0.1 Document Style `algorithm' - floating enviro
nment
\@float@every@algorithm=\toks35
\c@algorithm=\count289
) (C:\Users\josue\AppData\Local\Programs\MiKTeX\tex/latex/apacite\apacite.sty
Package: apacite 2013/07/21 v6.03 APA citation
\c@BibCnt=\count290
\bibleftmargin=\skip68
\bibindent=\skip69
\bibparsep=\skip70
\bibitemsep=\skip71
\biblabelsep=\skip72
)
(C:\Users\josue\AppData\Local\Programs\MiKTeX\tex/latex/tcolorbox\tcolorbox.sty
Package: tcolorbox 2020/10/09 version 4.42 text color boxes
(C:\Users\josue\AppData\Local\Programs\MiKTeX\tex/latex/pgf/basiclayer\pgf.sty
(C:\Users\josue\AppData\Local\Programs\MiKTeX\tex/latex/pgf/utilities\pgfrcs.st
y
(C:\Users\josue\AppData\Local\Programs\MiKTeX\tex/generic/pgf/utilities\pgfutil
-common.tex
\pgfutil@everybye=\toks36
\pgfutil@tempdima=\dimen164
\pgfutil@tempdimb=\dimen165

(C:\Users\josue\AppData\Local\Programs\MiKTeX\tex/generic/pgf/utilities\pgfutil
-common-lists.tex))
(C:\Users\josue\AppData\Local\Programs\MiKTeX\tex/generic/pgf/utilities\pgfutil
-latex.def
\pgfutil@abb=\box54
)
(C:\Users\josue\AppData\Local\Programs\MiKTeX\tex/generic/pgf/utilities\pgfrcs.
code.tex
(C:\Users\josue\AppData\Local\Programs\MiKTeX\tex/generic/pgf\pgf.revision.tex)
Package: pgfrcs 2020/12/27 v3.1.8b (3.1.8b)
))
Package: pgf 2020/12/27 v3.1.8b (3.1.8b)

(C:\Users\josue\AppData\Local\Programs\MiKTeX\tex/latex/pgf/basiclayer\pgfcore.
sty
(C:\Users\josue\AppData\Local\Programs\MiKTeX\tex/latex/pgf/systemlayer\pgfsys.
sty
(C:\Users\josue\AppData\Local\Programs\MiKTeX\tex/generic/pgf/systemlayer\pgfsy
s.code.tex
Package: pgfsys 2020/12/27 v3.1.8b (3.1.8b)

(C:\Users\josue\AppData\Local\Programs\MiKTeX\tex/generic/pgf/utilities\pgfkeys
.code.tex
\pgfkeys@pathtoks=\toks37
\pgfkeys@temptoks=\toks38

(C:\Users\josue\AppData\Local\Programs\MiKTeX\tex/generic/pgf/utilities\pgfkeys
filtered.code.tex
\pgfkeys@tmptoks=\toks39
))
\pgf@x=\dimen166
\pgf@y=\dimen167
\pgf@xa=\dimen168
\pgf@ya=\dimen169
\pgf@xb=\dimen170
\pgf@yb=\dimen171
\pgf@xc=\dimen172
\pgf@yc=\dimen173
\pgf@xd=\dimen174
\pgf@yd=\dimen175
\w@pgf@writea=\write3
\r@pgf@reada=\read3
\c@pgf@counta=\count291
\c@pgf@countb=\count292
\c@pgf@countc=\count293
\c@pgf@countd=\count294
\t@pgf@toka=\toks40
\t@pgf@tokb=\toks41
\t@pgf@tokc=\toks42
\pgf@sys@id@count=\count295

(C:\Users\josue\AppData\Local\Programs\MiKTeX\tex/generic/pgf/systemlayer\pgf.c
fg
File: pgf.cfg 2020/12/27 v3.1.8b (3.1.8b)
)
Driver file for pgf: pgfsys-pdftex.def

(C:\Users\josue\AppData\Local\Programs\MiKTeX\tex/generic/pgf/systemlayer\pgfsy
s-pdftex.def
File: pgfsys-pdftex.def 2020/12/27 v3.1.8b (3.1.8b)

(C:\Users\josue\AppData\Local\Programs\MiKTeX\tex/generic/pgf/systemlayer\pgfsy
s-common-pdf.def
File: pgfsys-common-pdf.def 2020/12/27 v3.1.8b (3.1.8b)
)))
(C:\Users\josue\AppData\Local\Programs\MiKTeX\tex/generic/pgf/systemlayer\pgfsy
ssoftpath.code.tex
File: pgfsyssoftpath.code.tex 2020/12/27 v3.1.8b (3.1.8b)
\pgfsyssoftpath@smallbuffer@items=\count296
\pgfsyssoftpath@bigbuffer@items=\count297
)
(C:\Users\josue\AppData\Local\Programs\MiKTeX\tex/generic/pgf/systemlayer\pgfsy
sprotocol.code.tex
File: pgfsysprotocol.code.tex 2020/12/27 v3.1.8b (3.1.8b)
))
(C:\Users\josue\AppData\Local\Programs\MiKTeX\tex/generic/pgf/basiclayer\pgfcor
e.code.tex
Package: pgfcore 2020/12/27 v3.1.8b (3.1.8b)

(C:\Users\josue\AppData\Local\Programs\MiKTeX\tex/generic/pgf/math\pgfmath.code
.tex
(C:\Users\josue\AppData\Local\Programs\MiKTeX\tex/generic/pgf/math\pgfmathcalc.
code.tex
(C:\Users\josue\AppData\Local\Programs\MiKTeX\tex/generic/pgf/math\pgfmathutil.
code.tex)
(C:\Users\josue\AppData\Local\Programs\MiKTeX\tex/generic/pgf/math\pgfmathparse
r.code.tex
\pgfmath@dimen=\dimen176
\pgfmath@count=\count298
\pgfmath@box=\box55
\pgfmath@toks=\toks43
\pgfmath@stack@operand=\toks44
\pgfmath@stack@operation=\toks45
)
(C:\Users\josue\AppData\Local\Programs\MiKTeX\tex/generic/pgf/math\pgfmathfunct
ions.code.tex
(C:\Users\josue\AppData\Local\Programs\MiKTeX\tex/generic/pgf/math\pgfmathfunct
ions.basic.code.tex)
(C:\Users\josue\AppData\Local\Programs\MiKTeX\tex/generic/pgf/math\pgfmathfunct
ions.trigonometric.code.tex)
(C:\Users\josue\AppData\Local\Programs\MiKTeX\tex/generic/pgf/math\pgfmathfunct
ions.random.code.tex)
(C:\Users\josue\AppData\Local\Programs\MiKTeX\tex/generic/pgf/math\pgfmathfunct
ions.comparison.code.tex)
(C:\Users\josue\AppData\Local\Programs\MiKTeX\tex/generic/pgf/math\pgfmathfunct
ions.base.code.tex)
(C:\Users\josue\AppData\Local\Programs\MiKTeX\tex/generic/pgf/math\pgfmathfunct
ions.round.code.tex)
(C:\Users\josue\AppData\Local\Programs\MiKTeX\tex/generic/pgf/math\pgfmathfunct
ions.misc.code.tex)
(C:\Users\josue\AppData\Local\Programs\MiKTeX\tex/generic/pgf/math\pgfmathfunct
ions.integerarithmetics.code.tex)))
(C:\Users\josue\AppData\Local\Programs\MiKTeX\tex/generic/pgf/math\pgfmathfloat
.code.tex
\c@pgfmathroundto@lastzeros=\count299
))
(C:\Users\josue\AppData\Local\Programs\MiKTeX\tex/generic/pgf/math\pgfint.code.
tex)
(C:\Users\josue\AppData\Local\Programs\MiKTeX\tex/generic/pgf/basiclayer\pgfcor
epoints.code.tex
File: pgfcorepoints.code.tex 2020/12/27 v3.1.8b (3.1.8b)
\pgf@picminx=\dimen177
\pgf@picmaxx=\dimen178
\pgf@picminy=\dimen179
\pgf@picmaxy=\dimen180
\pgf@pathminx=\dimen181
\pgf@pathmaxx=\dimen182
\pgf@pathminy=\dimen183
\pgf@pathmaxy=\dimen184
\pgf@xx=\dimen185
\pgf@xy=\dimen186
\pgf@yx=\dimen187
\pgf@yy=\dimen188
\pgf@zx=\dimen189
\pgf@zy=\dimen190
)
(C:\Users\josue\AppData\Local\Programs\MiKTeX\tex/generic/pgf/basiclayer\pgfcor
epathconstruct.code.tex
File: pgfcorepathconstruct.code.tex 2020/12/27 v3.1.8b (3.1.8b)
\pgf@path@lastx=\dimen191
\pgf@path@lasty=\dimen192
)
(C:\Users\josue\AppData\Local\Programs\MiKTeX\tex/generic/pgf/basiclayer\pgfcor
epathusage.code.tex
File: pgfcorepathusage.code.tex 2020/12/27 v3.1.8b (3.1.8b)
\pgf@shorten@end@additional=\dimen193
\pgf@shorten@start@additional=\dimen194
)
(C:\Users\josue\AppData\Local\Programs\MiKTeX\tex/generic/pgf/basiclayer\pgfcor
escopes.code.tex
File: pgfcorescopes.code.tex 2020/12/27 v3.1.8b (3.1.8b)
\pgfpic=\box56
\pgf@hbox=\box57
\pgf@layerbox@main=\box58
\pgf@picture@serial@count=\count300
)
(C:\Users\josue\AppData\Local\Programs\MiKTeX\tex/generic/pgf/basiclayer\pgfcor
egraphicstate.code.tex
File: pgfcoregraphicstate.code.tex 2020/12/27 v3.1.8b (3.1.8b)
\pgflinewidth=\dimen195
)
(C:\Users\josue\AppData\Local\Programs\MiKTeX\tex/generic/pgf/basiclayer\pgfcor
etransformations.code.tex
File: pgfcoretransformations.code.tex 2020/12/27 v3.1.8b (3.1.8b)
\pgf@pt@x=\dimen196
\pgf@pt@y=\dimen197
\pgf@pt@temp=\dimen198
)
(C:\Users\josue\AppData\Local\Programs\MiKTeX\tex/generic/pgf/basiclayer\pgfcor
equick.code.tex
File: pgfcorequick.code.tex 2020/12/27 v3.1.8b (3.1.8b)
)
(C:\Users\josue\AppData\Local\Programs\MiKTeX\tex/generic/pgf/basiclayer\pgfcor
eobjects.code.tex
File: pgfcoreobjects.code.tex 2020/12/27 v3.1.8b (3.1.8b)
)
(C:\Users\josue\AppData\Local\Programs\MiKTeX\tex/generic/pgf/basiclayer\pgfcor
epathprocessing.code.tex
File: pgfcorepathprocessing.code.tex 2020/12/27 v3.1.8b (3.1.8b)
)
(C:\Users\josue\AppData\Local\Programs\MiKTeX\tex/generic/pgf/basiclayer\pgfcor
earrows.code.tex
File: pgfcorearrows.code.tex 2020/12/27 v3.1.8b (3.1.8b)
\pgfarrowsep=\dimen199
)
(C:\Users\josue\AppData\Local\Programs\MiKTeX\tex/generic/pgf/basiclayer\pgfcor
eshade.code.tex
File: pgfcoreshade.code.tex 2020/12/27 v3.1.8b (3.1.8b)
\pgf@max=\dimen256
\pgf@sys@shading@range@num=\count301
\pgf@shadingcount=\count302
)
(C:\Users\josue\AppData\Local\Programs\MiKTeX\tex/generic/pgf/basiclayer\pgfcor
eimage.code.tex
File: pgfcoreimage.code.tex 2020/12/27 v3.1.8b (3.1.8b)

(C:\Users\josue\AppData\Local\Programs\MiKTeX\tex/generic/pgf/basiclayer\pgfcor
eexternal.code.tex
File: pgfcoreexternal.code.tex 2020/12/27 v3.1.8b (3.1.8b)
\pgfexternal@startupbox=\box59
))
(C:\Users\josue\AppData\Local\Programs\MiKTeX\tex/generic/pgf/basiclayer\pgfcor
elayers.code.tex
File: pgfcorelayers.code.tex 2020/12/27 v3.1.8b (3.1.8b)
)
(C:\Users\josue\AppData\Local\Programs\MiKTeX\tex/generic/pgf/basiclayer\pgfcor
etransparency.code.tex
File: pgfcoretransparency.code.tex 2020/12/27 v3.1.8b (3.1.8b)
)
(C:\Users\josue\AppData\Local\Programs\MiKTeX\tex/generic/pgf/basiclayer\pgfcor
epatterns.code.tex
File: pgfcorepatterns.code.tex 2020/12/27 v3.1.8b (3.1.8b)
)
(C:\Users\josue\AppData\Local\Programs\MiKTeX\tex/generic/pgf/basiclayer\pgfcor
erdf.code.tex
File: pgfcorerdf.code.tex 2020/12/27 v3.1.8b (3.1.8b)
)))
(C:\Users\josue\AppData\Local\Programs\MiKTeX\tex/generic/pgf/modules\pgfmodule
shapes.code.tex
File: pgfmoduleshapes.code.tex 2020/12/27 v3.1.8b (3.1.8b)
\pgfnodeparttextbox=\box60
)
(C:\Users\josue\AppData\Local\Programs\MiKTeX\tex/generic/pgf/modules\pgfmodule
plot.code.tex
File: pgfmoduleplot.code.tex 2020/12/27 v3.1.8b (3.1.8b)
)
(C:\Users\josue\AppData\Local\Programs\MiKTeX\tex/latex/pgf/compatibility\pgfco
mp-version-0-65.sty
Package: pgfcomp-version-0-65 2020/12/27 v3.1.8b (3.1.8b)
\pgf@nodesepstart=\dimen257
\pgf@nodesepend=\dimen258
)
(C:\Users\josue\AppData\Local\Programs\MiKTeX\tex/latex/pgf/compatibility\pgfco
mp-version-1-18.sty
Package: pgfcomp-version-1-18 2020/12/27 v3.1.8b (3.1.8b)
))
(C:\Users\josue\AppData\Local\Programs\MiKTeX\tex/latex/latex-tools\verbatim.st
y
Package: verbatim 2020-07-07 v1.5u LaTeX2e package for verbatim enhancements
\every@verbatim=\toks46
\verbatim@line=\toks47
\verbatim@in@stream=\read4
) (C:\Users\josue\AppData\Local\Programs\MiKTeX\tex/latex/environ\environ.sty
Package: environ 2014/05/04 v0.3 A new way to define environments

(C:\Users\josue\AppData\Local\Programs\MiKTeX\tex/latex/trimspaces\trimspaces.s
ty
Package: trimspaces 2009/09/17 v1.1 Trim spaces around a token list
))
(C:\Users\josue\AppData\Local\Programs\MiKTeX\tex/latex/etoolbox\etoolbox.sty
Package: etoolbox 2020/10/05 v2.5k e-TeX tools for LaTeX (JAW)
\etb@tempcnta=\count303
)
\tcb@titlebox=\box61
\tcb@upperbox=\box62
\tcb@lowerbox=\box63
\tcb@phantombox=\box64
\c@tcbbreakpart=\count304
\c@tcblayer=\count305
\c@tcolorbox@number=\count306
\tcb@temp=\box65
\tcb@temp=\box66
\tcb@temp=\box67
\tcb@temp=\box68
\tcb@out=\write4
\tcb@record@out=\write5
)
(C:\Users\josue\AppData\Local\Programs\MiKTeX\tex/latex/latex-tools\multicol.st
y
Package: multicol 2019/12/09 v1.8y multicolumn formatting (FMi)
\c@tracingmulticols=\count307
\mult@box=\box69
\multicol@leftmargin=\dimen259
\c@unbalance=\count308
\c@collectmore=\count309
\doublecol@number=\count310
\multicoltolerance=\count311
\multicolpretolerance=\count312
\full@width=\dimen260
\page@free=\dimen261
\premulticols=\dimen262
\postmulticols=\dimen263
\multicolsep=\skip73
\multicolbaselineskip=\skip74
\partial@page=\box70
\last@line=\box71
\maxbalancingoverflow=\dimen264
\mult@rightbox=\box72
\mult@grightbox=\box73
\mult@gfirstbox=\box74
\mult@firstbox=\box75
\@tempa=\box76
\@tempa=\box77
\@tempa=\box78
\@tempa=\box79
\@tempa=\box80
\@tempa=\box81
\@tempa=\box82
\@tempa=\box83
\@tempa=\box84
\@tempa=\box85
\@tempa=\box86
\@tempa=\box87
\@tempa=\box88
\@tempa=\box89
\@tempa=\box90
\@tempa=\box91
\@tempa=\box92
\@tempa=\box93
\@tempa=\box94
\@tempa=\box95
\@tempa=\box96
\@tempa=\box97
\@tempa=\box98
\@tempa=\box99
\@tempa=\box100
\@tempa=\box101
\@tempa=\box102
\@tempa=\box103
\@tempa=\box104
\@tempa=\box105
\@tempa=\box106
\@tempa=\box107
\@tempa=\box108
\@tempa=\box109
\@tempa=\box110
\@tempa=\box111
\@tempa=\box112
\c@minrows=\count313
\c@columnbadness=\count314
\c@finalcolumnbadness=\count315
\last@try=\dimen265
\multicolovershoot=\dimen266
\multicolundershoot=\dimen267
\mult@nat@firstbox=\box113
\colbreak@box=\box114
\mc@col@check@num=\count316
) (C:\Users\josue\AppData\Local\Programs\MiKTeX\tex/latex/tipa\tipa.sty
Package: tipa 2002/08/08 TIPA version 1.1

(C:\Users\josue\AppData\Local\Programs\MiKTeX\tex/latex/base\fontenc.sty
Package: fontenc 2020/08/10 v2.0s Standard LaTeX package

(C:\Users\josue\AppData\Local\Programs\MiKTeX\tex/latex/tipa\t3enc.def
File: t3enc.def 2001/12/31 T3 encoding
Now handling font encoding T3 ...
... no UTF-8 mapping file for font encoding T3
)))
(C:\Users\josue\AppData\Local\Programs\MiKTeX\tex/latex/caption\caption.sty
Package: caption 2020/10/26 v3.5g Customizing captions (AR)

(C:\Users\josue\AppData\Local\Programs\MiKTeX\tex/latex/caption\caption3.sty
Package: caption3 2020/10/21 v2.2e caption3 kernel (AR)
\captionmargin=\dimen268
\captionmargin@=\dimen269
\captionwidth=\dimen270
\caption@tempdima=\dimen271
\caption@indent=\dimen272
\caption@parindent=\dimen273
\caption@hangindent=\dimen274
Package caption Info: Standard document class detected.
)
\c@caption@flags=\count317
\c@continuedfloat=\count318
Package caption Info: float package is loaded.
Package caption Info: listings package is loaded.
)
(C:\Users\josue\AppData\Local\Programs\MiKTeX\tex/latex/hyperref\hyperref.sty
Package: hyperref 2021-02-27 v7.00k Hypertext links for LaTeX

(C:\Users\josue\AppData\Local\Programs\MiKTeX\tex/generic/kvsetkeys\kvsetkeys.s
ty
Package: kvsetkeys 2019/12/15 v1.18 Key value parser (HO)
)
(C:\Users\josue\AppData\Local\Programs\MiKTeX\tex/generic/kvdefinekeys\kvdefine
keys.sty
Package: kvdefinekeys 2019-12-19 v1.6 Define keys (HO)
)
(C:\Users\josue\AppData\Local\Programs\MiKTeX\tex/latex/hycolor\hycolor.sty
Package: hycolor 2020-01-27 v1.10 Color options for hyperref/bookmark (HO)
)
(C:\Users\josue\AppData\Local\Programs\MiKTeX\tex/latex/letltxmacro\letltxmacro
.sty
Package: letltxmacro 2019/12/03 v1.6 Let assignment for LaTeX macros (HO)
)
(C:\Users\josue\AppData\Local\Programs\MiKTeX\tex/latex/auxhook\auxhook.sty
Package: auxhook 2019-12-17 v1.6 Hooks for auxiliary files (HO)
)
(C:\Users\josue\AppData\Local\Programs\MiKTeX\tex/latex/kvoptions\kvoptions.sty
Package: kvoptions 2020-10-07 v3.14 Key value format for package options (HO)
)
\@linkdim=\dimen275
\Hy@linkcounter=\count319
\Hy@pagecounter=\count320
 (C:\Users\josue\AppData\Local\Programs\MiKTeX\tex/latex/hyperref\pd1enc.def
File: pd1enc.def 2021-02-27 v7.00k Hyperref: PDFDocEncoding definition (HO)
Now handling font encoding PD1 ...
... no UTF-8 mapping file for font encoding PD1
)
(C:\Users\josue\AppData\Local\Programs\MiKTeX\tex/latex/hyperref\hyperref-langp
atches.def
File: hyperref-langpatches.def 2021-02-27 v7.00k Hyperref: patches for babel la
nguages
)
(C:\Users\josue\AppData\Local\Programs\MiKTeX\tex/generic/intcalc\intcalc.sty
Package: intcalc 2019/12/15 v1.3 Expandable calculations with integers (HO)
)
(C:\Users\josue\AppData\Local\Programs\MiKTeX\tex/generic/etexcmds\etexcmds.sty
Package: etexcmds 2019/12/15 v1.7 Avoid name clashes with e-TeX commands (HO)
)
\Hy@SavedSpaceFactor=\count321
 (C:\Users\josue\AppData\Local\Programs\MiKTeX\tex/latex/hyperref\puenc.def
File: puenc.def 2021-02-27 v7.00k Hyperref: PDF Unicode definition (HO)
Now handling font encoding PU ...
... no UTF-8 mapping file for font encoding PU
)
Package hyperref Info: Hyper figures OFF on input line 4192.
Package hyperref Info: Link nesting OFF on input line 4197.
Package hyperref Info: Hyper index ON on input line 4200.
Package hyperref Info: Plain pages OFF on input line 4207.
Package hyperref Info: Backreferencing OFF on input line 4212.
Package hyperref Info: Implicit mode ON; LaTeX internals redefined.
Package hyperref Info: Bookmarks ON on input line 4445.
\c@Hy@tempcnt=\count322

(C:\Users\josue\AppData\Local\Programs\MiKTeX\tex/latex/url\url.sty
\Urlmuskip=\muskip17
Package: url 2013/09/16  ver 3.4  Verb mode for urls, etc.
)
LaTeX Info: Redefining \url on input line 4804.
\XeTeXLinkMargin=\dimen276

(C:\Users\josue\AppData\Local\Programs\MiKTeX\tex/generic/bitset\bitset.sty
Package: bitset 2019/12/09 v1.3 Handle bit-vector datatype (HO)

(C:\Users\josue\AppData\Local\Programs\MiKTeX\tex/generic/bigintcalc\bigintcalc
.sty
Package: bigintcalc 2019/12/15 v1.5 Expandable calculations on big integers (HO
)
))
\Fld@menulength=\count323
\Field@Width=\dimen277
\Fld@charsize=\dimen278
Package hyperref Info: Hyper figures OFF on input line 6075.
Package hyperref Info: Link nesting OFF on input line 6080.
Package hyperref Info: Hyper index ON on input line 6083.
Package hyperref Info: backreferencing OFF on input line 6090.
Package hyperref Info: Link coloring OFF on input line 6095.
Package hyperref Info: Link coloring with OCG OFF on input line 6100.
Package hyperref Info: PDF/A mode OFF on input line 6105.
LaTeX Info: Redefining \ref on input line 6145.
LaTeX Info: Redefining \pageref on input line 6149.

(C:\Users\josue\AppData\Local\Programs\MiKTeX\tex/latex/base\atbegshi-ltx.sty
Package: atbegshi-ltx 2020/08/17 v1.0a Emulation of the original atbegshi packa
ge
with kernel methods
)
\Hy@abspage=\count324
\c@Item=\count325
\c@Hfootnote=\count326
)
Package hyperref Info: Driver (autodetected): hpdftex.
(C:\Users\josue\AppData\Local\Programs\MiKTeX\tex/latex/hyperref\hpdftex.def
File: hpdftex.def 2021-02-27 v7.00k Hyperref driver for pdfTeX

(C:\Users\josue\AppData\Local\Programs\MiKTeX\tex/latex/base\atveryend-ltx.sty
Package: atveryend-ltx 2020/08/19 v1.0a Emulation of the original atvery packag
e
with kernel methods
)
\Fld@listcount=\count327
\c@bookmark@seq@number=\count328

(C:\Users\josue\AppData\Local\Programs\MiKTeX\tex/latex/rerunfilecheck\rerunfil
echeck.sty
Package: rerunfilecheck 2019/12/05 v1.9 Rerun checks for auxiliary files (HO)

(C:\Users\josue\AppData\Local\Programs\MiKTeX\tex/generic/uniquecounter\uniquec
ounter.sty
Package: uniquecounter 2019/12/15 v1.4 Provide unlimited unique counter (HO)
)
Package uniquecounter Info: New unique counter `rerunfilecheck' on input line 2
86.
)
\Hy@SectionHShift=\skip75
)
(C:\Users\josue\AppData\Local\Programs\MiKTeX\tex/latex/mathtools\mathtools.sty
Package: mathtools 2021/03/18 v1.25 mathematical typesetting tools
(C:\Users\josue\AppData\Local\Programs\MiKTeX\tex/latex/latex-tools\calc.sty
Package: calc 2017/05/25 v4.3 Infix arithmetic (KKT,FJ)
\calc@Acount=\count329
\calc@Bcount=\count330
\calc@Adimen=\dimen279
\calc@Bdimen=\dimen280
\calc@Askip=\skip76
\calc@Bskip=\skip77
LaTeX Info: Redefining \setlength on input line 80.
LaTeX Info: Redefining \addtolength on input line 81.
\calc@Ccount=\count331
\calc@Cskip=\skip78
)
(C:\Users\josue\AppData\Local\Programs\MiKTeX\tex/latex/mathtools\mhsetup.sty
Package: mhsetup 2021/03/18 v1.4 programming setup (MH)
)
LaTeX Info: Thecontrolsequence`\('isalreadyrobust on input line 130.
LaTeX Info: Thecontrolsequence`\)'isalreadyrobust on input line 130.
LaTeX Info: Thecontrolsequence`\['isalreadyrobust on input line 130.
LaTeX Info: Thecontrolsequence`\]'isalreadyrobust on input line 130.
\g_MT_multlinerow_int=\count332
\l_MT_multwidth_dim=\dimen281
\origjot=\skip79
\l_MT_shortvdotswithinadjustabove_dim=\dimen282
\l_MT_shortvdotswithinadjustbelow_dim=\dimen283
\l_MT_above_intertext_sep=\dimen284
\l_MT_below_intertext_sep=\dimen285
\l_MT_above_shortintertext_sep=\dimen286
\l_MT_below_shortintertext_sep=\dimen287
\xmathstrut@box=\box115
\xmathstrut@dim=\dimen288
)
Package hyperref Info: Option `colorlinks' set `true' on input line 35.

(C:\Users\josue\AppData\Local\Programs\MiKTeX\tex/latex/l3backend\l3backend-pdf
tex.def
File: l3backend-pdftex.def 2021-03-02 L3 backend support: PDF output (pdfTeX)
\l__color_backend_stack_int=\count333
\l__pdf_internal_box=\box116
) (Tarea 8. Desarrollo de un sistema utilizando un servicio web.aux
LaTeX Info: Redefining \. on input line 26.
LaTeX Info: Redefining \% on input line 26.


LaTeX Warning: Label `fig:picture' multiply defined.


LaTeX Warning: Label `fig:picture' multiply defined.


LaTeX Warning: Label `fig:picture' multiply defined.


LaTeX Warning: Label `fig:picture' multiply defined.


LaTeX Warning: Label `fig:picture' multiply defined.


LaTeX Warning: Label `fig:picture' multiply defined.


LaTeX Warning: Label `fig:picture' multiply defined.


LaTeX Warning: Label `fig:picture' multiply defined.


LaTeX Warning: Label `fig:picture' multiply defined.


LaTeX Warning: Label `fig:picture' multiply defined.


LaTeX Warning: Label `fig:picture' multiply defined.


LaTeX Warning: Label `fig:picture' multiply defined.


LaTeX Warning: Label `fig:picture' multiply defined.


LaTeX Warning: Label `fig:picture' multiply defined.


LaTeX Warning: Label `fig:picture' multiply defined.


LaTeX Warning: Label `fig:picture' multiply defined.


LaTeX Warning: Label `fig:picture' multiply defined.


LaTeX Warning: Label `fig:picture' multiply defined.


LaTeX Warning: Label `fig:picture' multiply defined.


LaTeX Warning: Label `fig:picture' multiply defined.


LaTeX Warning: Label `fig:picture' multiply defined.


LaTeX Warning: Label `fig:picture' multiply defined.


LaTeX Warning: Label `fig:picture' multiply defined.


LaTeX Warning: Label `fig:picture' multiply defined.


LaTeX Warning: Label `fig:picture' multiply defined.


LaTeX Warning: Label `fig:picture' multiply defined.


LaTeX Warning: Label `fig:picture' multiply defined.


LaTeX Warning: Label `fig:picture' multiply defined.


LaTeX Warning: Label `fig:picture' multiply defined.


LaTeX Warning: Label `fig:picture' multiply defined.


LaTeX Warning: Label `fig:picture' multiply defined.


LaTeX Warning: Label `fig:picture' multiply defined.


LaTeX Warning: Label `fig:picture' multiply defined.


LaTeX Warning: Label `fig:picture' multiply defined.


LaTeX Warning: Label `fig:picture' multiply defined.


LaTeX Warning: Label `fig:picture' multiply defined.


LaTeX Warning: Label `fig:picture' multiply defined.


LaTeX Warning: Label `fig:picture' multiply defined.


LaTeX Warning: Label `fig:picture' multiply defined.


LaTeX Warning: Label `fig:picture' multiply defined.


LaTeX Warning: Label `fig:picture' multiply defined.


LaTeX Warning: Label `fig:picture' multiply defined.


LaTeX Warning: Label `fig:picture' multiply defined.


LaTeX Warning: Label `fig:picture' multiply defined.


LaTeX Warning: Label `fig:picture' multiply defined.


LaTeX Warning: Label `fig:picture' multiply defined.


LaTeX Warning: Label `fig:picture' multiply defined.


LaTeX Warning: Label `fig:picture' multiply defined.


LaTeX Warning: Label `fig:picture' multiply defined.


LaTeX Warning: Label `fig:picture' multiply defined.


LaTeX Warning: Label `fig:picture' multiply defined.


LaTeX Warning: Label `fig:picture' multiply defined.


LaTeX Warning: Label `cite_key1' multiply defined.


LaTeX Warning: Label `cite_key1' multiply defined.


LaTeX Warning: Label `fig:picture' multiply defined.

)
\openout1 = `"Tarea 8. Desarrollo de un sistema utilizando un servicio web.aux"
'.

LaTeX Font Info:    Checking defaults for OML/cmm/m/it on input line 66.
LaTeX Font Info:    ... okay on input line 66.
LaTeX Font Info:    Checking defaults for OMS/cmsy/m/n on input line 66.
LaTeX Font Info:    ... okay on input line 66.
LaTeX Font Info:    Checking defaults for OT1/cmr/m/n on input line 66.
LaTeX Font Info:    ... okay on input line 66.
LaTeX Font Info:    Checking defaults for T1/cmr/m/n on input line 66.
LaTeX Font Info:    ... okay on input line 66.
LaTeX Font Info:    Checking defaults for TS1/cmr/m/n on input line 66.
LaTeX Font Info:    ... okay on input line 66.
LaTeX Font Info:    Checking defaults for OMX/cmex/m/n on input line 66.
LaTeX Font Info:    ... okay on input line 66.
LaTeX Font Info:    Checking defaults for U/cmr/m/n on input line 66.
LaTeX Font Info:    ... okay on input line 66.
LaTeX Font Info:    Checking defaults for T3/cmr/m/n on input line 66.
LaTeX Font Info:    Trying to load font information for T3+cmr on input line 66
.
 (C:\Users\josue\AppData\Local\Programs\MiKTeX\tex/latex/tipa\t3cmr.fd
File: t3cmr.fd 2001/12/31 TIPA font definitions
)
LaTeX Font Info:    ... okay on input line 66.
LaTeX Font Info:    Checking defaults for PD1/pdf/m/n on input line 66.
LaTeX Font Info:    ... okay on input line 66.
LaTeX Font Info:    Checking defaults for PU/pdf/m/n on input line 66.
LaTeX Font Info:    ... okay on input line 66.
LaTeX Info: Redefining \. on input line 66.
LaTeX Info: Redefining \% on input line 66.

(C:\Users\josue\AppData\Local\Programs\MiKTeX\tex/context/base/mkii\supp-pdf.mk
ii
[Loading MPS to PDF converter (version 2006.09.02).]
\scratchcounter=\count334
\scratchdimen=\dimen289
\scratchbox=\box117
\nofMPsegments=\count335
\nofMParguments=\count336
\everyMPshowfont=\toks48
\MPscratchCnt=\count337
\MPscratchDim=\dimen290
\MPnumerator=\count338
\makeMPintoPDFobject=\count339
\everyMPtoPDFconversion=\toks49
)
(C:\Users\josue\AppData\Local\Programs\MiKTeX\tex/latex/epstopdf-pkg\epstopdf-b
ase.sty
Package: epstopdf-base 2020-01-24 v2.11 Base part for package epstopdf
Package epstopdf-base Info: Redefining graphics rule for `.eps' on input line 4
85.
)
*geometry* driver: auto-detecting
*geometry* detected driver: pdftex
*geometry* verbose mode - [ preamble ] result:
* driver: pdftex
* paper: <default>
* layout: <same size as paper>
* layoutoffset:(h,v)=(0.0pt,0.0pt)
* modes: 
* h-part:(L,W,R)=(57.81621pt, 498.66258pt, 57.81621pt)
* v-part:(T,H,B)=(57.81621pt, 679.33757pt, 57.81621pt)
* \paperwidth=614.295pt
* \paperheight=794.96999pt
* \textwidth=498.66258pt
* \textheight=679.33757pt
* \oddsidemargin=-14.45378pt
* \evensidemargin=-14.45378pt
* \topmargin=-51.45378pt
* \headheight=15.0pt
* \headsep=25.0pt
* \topskip=11.0pt
* \footskip=30.0pt
* \marginparwidth=59.0pt
* \marginparsep=10.0pt
* \columnsep=10.0pt
* \skip\footins=10.0pt plus 4.0pt minus 2.0pt
* \hoffset=0.0pt
* \voffset=0.0pt
* \mag=1000
* \@twocolumnfalse
* \@twosidefalse
* \@mparswitchfalse
* \@reversemarginfalse
* (1in=72.27pt=25.4mm, 1cm=28.453pt)

\c@lstlisting=\count340
\c@maskedRefs=\count341
(C:\Users\josue\AppData\Local\Programs\MiKTeX\tex/latex/apacite\spanish.apc
File: spanish.apc 2013/07/21 v6.03 apacite language file
LaTeX Info: Redefining \BPBI on input line 138.
LaTeX Info: Redefining \BHBI on input line 139.
)
Package caption Info: Begin \AtBeginDocument code.
Package caption Info: hyperref package is loaded.
Package caption Info: End \AtBeginDocument code.
Package hyperref Info: Link coloring ON on input line 66.

(C:\Users\josue\AppData\Local\Programs\MiKTeX\tex/latex/hyperref\nameref.sty
Package: nameref 2021-04-02 v2.47 Cross-referencing by name of section

(C:\Users\josue\AppData\Local\Programs\MiKTeX\tex/latex/refcount\refcount.sty
Package: refcount 2019/12/15 v3.6 Data extraction from label references (HO)
)
(C:\Users\josue\AppData\Local\Programs\MiKTeX\tex/generic/gettitlestring\gettit
lestring.sty
Package: gettitlestring 2019/12/15 v1.6 Cleanup title references (HO)
)
\c@section@level=\count342
)
LaTeX Info: Redefining \ref on input line 66.
LaTeX Info: Redefining \pageref on input line 66.
LaTeX Info: Redefining \nameref on input line 66.

(Tarea 8. Desarrollo de un sistema utilizando un servicio web.out)
(Tarea 8. Desarrollo de un sistema utilizando un servicio web.out)
\@outlinefile=\write6
\openout6 = `"Tarea 8. Desarrollo de un sistema utilizando un servicio web.out"
'.

<resources/ipn.png, id=54, 1235.61626pt x 1323.94624pt>
File: resources/ipn.png Graphic file (type png)
<use resources/ipn.png>
Package pdftex.def Info: resources/ipn.png  used on input line 76.
(pdftex.def)             Requested size: 124.66563pt x 133.57408pt.
LaTeX Font Info:    Trying to load font information for U+msa on input line 78.


(C:\Users\josue\AppData\Local\Programs\MiKTeX\tex/latex/amsfonts\umsa.fd
File: umsa.fd 2013/01/14 v3.01 AMS symbols A
)
LaTeX Font Info:    Trying to load font information for U+msb on input line 78.


(C:\Users\josue\AppData\Local\Programs\MiKTeX\tex/latex/amsfonts\umsb.fd
File: umsb.fd 2013/01/14 v3.01 AMS symbols B
)
<resources/escom.png, id=56, 1228.59pt x 860.21375pt>
File: resources/escom.png Graphic file (type png)
<use resources/escom.png>
Package pdftex.def Info: resources/escom.png  used on input line 81.
(pdftex.def)             Requested size: 137.13297pt x 96.01514pt.

Overfull \hbox (24.93463pt too wide) in paragraph at lines 73--84
 []$$[]$ 
 []

[1

{C:/Users/josue/AppData/Local/MiKTeX/pdftex/config/pdftex.map} <./resources/ipn
.png> <./resources/escom.png>]
(Tarea 8. Desarrollo de un sistema utilizando un servicio web.toc
LaTeX Info: Redefining \. on input line 1.
LaTeX Info: Redefining \% on input line 1.
)
\tf@toc=\write7
\openout7 = `"Tarea 8. Desarrollo de un sistema utilizando un servicio web.toc"
'.

pdfTeX warning (ext4): destination with the same identifier (name{page.1}) has 
been already used, duplicate ignored
<to be read again> 
                   \relax 
l.119 	\newpage
                [1]
<resources/Infobasica.png, id=87, 1445.4pt x 813.0375pt>
File: resources/Infobasica.png Graphic file (type png)
<use resources/Infobasica.png>
Package pdftex.def Info: resources/Infobasica.png  used on input line 146.
(pdftex.def)             Requested size: 491.4295pt x 276.4291pt.
 [2]
<resources/disco.png, id=104, 1445.4pt x 813.0375pt>
File: resources/disco.png Graphic file (type png)
<use resources/disco.png>
Package pdftex.def Info: resources/disco.png  used on input line 151.
(pdftex.def)             Requested size: 491.4295pt x 276.4291pt.
<resources/redes.png, id=105, 1445.4pt x 813.0375pt>
File: resources/redes.png Graphic file (type png)
<use resources/redes.png>
Package pdftex.def Info: resources/redes.png  used on input line 156.
(pdftex.def)             Requested size: 491.4295pt x 276.4291pt.
 [3 <./resources/Infobasica.png>]
<resources/admin.png, id=112, 1445.4pt x 813.0375pt>
File: resources/admin.png Graphic file (type png)
<use resources/admin.png>
Package pdftex.def Info: resources/admin.png  used on input line 161.
(pdftex.def)             Requested size: 491.4295pt x 276.4291pt.
<resources/revisarycrear.png, id=113, 1445.4pt x 813.0375pt>
File: resources/revisarycrear.png Graphic file (type png)
<use resources/revisarycrear.png>
Package pdftex.def Info: resources/revisarycrear.png  used on input line 166.
(pdftex.def)             Requested size: 491.4295pt x 276.4291pt.
 [4 <./resources/disco.png> <./resources/redes.png>]
<resources/paneldecontrol.png, id=122, 1445.4pt x 813.0375pt>
File: resources/paneldecontrol.png Graphic file (type png)
<use resources/paneldecontrol.png>
Package pdftex.def Info: resources/paneldecontrol.png  used on input line 171.
(pdftex.def)             Requested size: 491.4295pt x 276.4291pt.
 [5 <./resources/admin.png> <./resources/revisarycrear.png>]
<resources/open8080.png, id=131, 1445.4pt x 813.0375pt>
File: resources/open8080.png Graphic file (type png)
<use resources/open8080.png>
Package pdftex.def Info: resources/open8080.png  used on input line 177.
(pdftex.def)             Requested size: 491.4295pt x 276.4291pt.
<resources/puertook.png, id=132, 1445.4pt x 813.0375pt>
File: resources/puertook.png Graphic file (type png)
<use resources/puertook.png>
Package pdftex.def Info: resources/puertook.png  used on input line 182.
(pdftex.def)             Requested size: 491.4295pt x 276.4291pt.
 [6 <./resources/paneldecontrol.png>] [7 <./resources/open8080.png> <./resource
s/puertook.png>]
<resources/conexionssh.png, id=148, 1445.4pt x 813.0375pt>
File: resources/conexionssh.png Graphic file (type png)
<use resources/conexionssh.png>
Package pdftex.def Info: resources/conexionssh.png  used on input line 190.
(pdftex.def)             Requested size: 491.4295pt x 276.4291pt.
<resources/tomcat_variables_entorno.png, id=149, 1445.4pt x 813.0375pt>
File: resources/tomcat_variables_entorno.png Graphic file (type png)
<use resources/tomcat_variables_entorno.png>
Package pdftex.def Info: resources/tomcat_variables_entorno.png  used on input 
line 196.
(pdftex.def)             Requested size: 491.4295pt x 276.4291pt.
 [8 <./resources/conexionssh.png>]
<resources/mysql1.png, id=156, 1445.4pt x 813.0375pt>
File: resources/mysql1.png Graphic file (type png)
<use resources/mysql1.png>
Package pdftex.def Info: resources/mysql1.png  used on input line 202.
(pdftex.def)             Requested size: 491.4295pt x 276.4291pt.
<resources/mysql2.png, id=157, 1445.4pt x 813.0375pt>
File: resources/mysql2.png Graphic file (type png)
<use resources/mysql2.png>
Package pdftex.def Info: resources/mysql2.png  used on input line 207.
(pdftex.def)             Requested size: 491.4295pt x 276.4291pt.
 [9 <./resources/tomcat_variables_entorno.png>]
<resources/compilacionback.png, id=164, 1445.4pt x 813.0375pt>
File: resources/compilacionback.png Graphic file (type png)
<use resources/compilacionback.png>
Package pdftex.def Info: resources/compilacionback.png  used on input line 214.

(pdftex.def)             Requested size: 491.4295pt x 276.4291pt.
 [10 <./resources/mysql1.png> <./resources/mysql2.png>]
<resources/warinwebappsandfront.png, id=173, 1445.4pt x 813.0375pt>
File: resources/warinwebappsandfront.png Graphic file (type png)
<use resources/warinwebappsandfront.png>
Package pdftex.def Info: resources/warinwebappsandfront.png  used on input line
 219.
(pdftex.def)             Requested size: 491.4295pt x 276.4291pt.
 [11 <./resources/compilacionback.png>]
<resources/serviciofuncionando.png, id=180, 1445.4pt x 813.0375pt>
File: resources/serviciofuncionando.png Graphic file (type png)
<use resources/serviciofuncionando.png>
Package pdftex.def Info: resources/serviciofuncionando.png  used on input line 
228.
(pdftex.def)             Requested size: 491.4295pt x 276.4291pt.
 [12 <./resources/warinwebappsandfront.png>]
<resources/P1.png, id=188, 1445.4pt x 813.0375pt>
File: resources/P1.png Graphic file (type png)
<use resources/P1.png>
Package pdftex.def Info: resources/P1.png  used on input line 234.
(pdftex.def)             Requested size: 491.4295pt x 276.4291pt.
<resources/P1.1.png, id=189, 1445.4pt x 813.0375pt>
File: resources/P1.1.png Graphic file (type png)
<use resources/P1.1.png>
Package pdftex.def Info: resources/P1.1.png  used on input line 239.
(pdftex.def)             Requested size: 491.4295pt x 276.4291pt.
 [13 <./resources/serviciofuncionando.png>]
<resources/P1NF.png, id=196, 1445.4pt x 813.0375pt>
File: resources/P1NF.png Graphic file (type png)
<use resources/P1NF.png>
Package pdftex.def Info: resources/P1NF.png  used on input line 245.
(pdftex.def)             Requested size: 491.4295pt x 276.4291pt.
<resources/P1.1NF.png, id=197, 1445.4pt x 813.0375pt>
File: resources/P1.1NF.png Graphic file (type png)
<use resources/P1.1NF.png>
Package pdftex.def Info: resources/P1.1NF.png  used on input line 250.
(pdftex.def)             Requested size: 491.4295pt x 276.4291pt.
 [14 <./resources/P1.png> <./resources/P1.1.png>]
<resources/P1.ERROR.png, id=206, 1443.89438pt x 812.28468pt>
File: resources/P1.ERROR.png Graphic file (type png)
<use resources/P1.ERROR.png>
Package pdftex.def Info: resources/P1.ERROR.png  used on input line 256.
(pdftex.def)             Requested size: 490.9176pt x 276.17314pt.
 [15 <./resources/P1NF.png> <./resources/P1.1NF.png>]
<resources/Screenshot_20211113-004906.png, id=215, 1084.05pt x 2348.775pt>
File: resources/Screenshot_20211113-004906.png Graphic file (type png)
<use resources/Screenshot_20211113-004906.png>
Package pdftex.def Info: resources/Screenshot_20211113-004906.png  used on inpu
t line 262.
(pdftex.def)             Requested size: 292.69742pt x 634.17773pt.
<resources/Screenshot_20211113-004912.png, id=216, 1084.05pt x 2348.775pt>
File: resources/Screenshot_20211113-004912.png Graphic file (type png)
<use resources/Screenshot_20211113-004912.png>
Package pdftex.def Info: resources/Screenshot_20211113-004912.png  used on inpu
t line 267.
(pdftex.def)             Requested size: 292.69742pt x 634.17773pt.

[16 <./resources/P1.ERROR.png>]
<resources/Screenshot_20211113-004916.png, id=223, 1084.05pt x 2348.775pt>
File: resources/Screenshot_20211113-004916.png Graphic file (type png)
<use resources/Screenshot_20211113-004916.png>
Package pdftex.def Info: resources/Screenshot_20211113-004916.png  used on inpu
t line 272.
(pdftex.def)             Requested size: 292.69742pt x 634.17773pt.
 [17 <./resources/Screenshot_20211113-004906.png>] [18 <./resources/Screenshot_
20211113-004912.png>]
<resources/bdp1.png, id=237, 1445.4pt x 813.0375pt>
File: resources/bdp1.png Graphic file (type png)
<use resources/bdp1.png>
Package pdftex.def Info: resources/bdp1.png  used on input line 278.
(pdftex.def)             Requested size: 491.4295pt x 276.4291pt.
 [19 <./resources/Screenshot_20211113-004916.png>]
<resources/inicio_productos.png, id=244, 1445.4pt x 813.0375pt>
File: resources/inicio_productos.png Graphic file (type png)
<use resources/inicio_productos.png>
Package pdftex.def Info: resources/inicio_productos.png  used on input line 283
.
(pdftex.def)             Requested size: 491.4295pt x 276.4291pt.
<resources/Screenshot_20211113-004941.png, id=245, 1084.05pt x 2348.775pt>
File: resources/Screenshot_20211113-004941.png Graphic file (type png)
<use resources/Screenshot_20211113-004941.png>
Package pdftex.def Info: resources/Screenshot_20211113-004941.png  used on inpu
t line 288.
(pdftex.def)             Requested size: 292.69742pt x 634.17773pt.
<resources/Screenshot_20211113-004950.png, id=246, 1084.05pt x 2348.775pt>
File: resources/Screenshot_20211113-004950.png Graphic file (type png)
<use resources/Screenshot_20211113-004950.png>
Package pdftex.def Info: resources/Screenshot_20211113-004950.png  used on inpu
t line 293.
(pdftex.def)             Requested size: 292.69742pt x 634.17773pt.
 [20 <./resources/bdp1.png> <./resources/inicio_productos.png>]
<resources/Screenshot_20211113-004956.png, id=255, 1084.05pt x 2348.775pt>
File: resources/Screenshot_20211113-004956.png Graphic file (type png)
<use resources/Screenshot_20211113-004956.png>
Package pdftex.def Info: resources/Screenshot_20211113-004956.png  used on inpu
t line 298.
(pdftex.def)             Requested size: 292.69742pt x 634.17773pt.
 [21 <./resources/Screenshot_20211113-004941.png>] [22 <./resources/Screenshot_
20211113-004950.png>]
<resources/p2.1.png, id=268, 1445.4pt x 813.0375pt>
File: resources/p2.1.png Graphic file (type png)
<use resources/p2.1.png>
Package pdftex.def Info: resources/p2.1.png  used on input line 305.
(pdftex.def)             Requested size: 491.4295pt x 276.4291pt.
 [23 <./resources/Screenshot_20211113-004956.png>]
<resources/p2.1.1.png, id=275, 1445.4pt x 813.0375pt>
File: resources/p2.1.1.png Graphic file (type png)
<use resources/p2.1.1.png>
Package pdftex.def Info: resources/p2.1.1.png  used on input line 310.
(pdftex.def)             Requested size: 491.4295pt x 276.4291pt.
<resources/p2.1.2.png, id=276, 1445.4pt x 813.0375pt>
File: resources/p2.1.2.png Graphic file (type png)
<use resources/p2.1.2.png>
Package pdftex.def Info: resources/p2.1.2.png  used on input line 315.
(pdftex.def)             Requested size: 491.4295pt x 276.4291pt.

[24 <./resources/p2.1.png>]
<resources/p2.2.1.png, id=284, 1445.4pt x 813.0375pt>
File: resources/p2.2.1.png Graphic file (type png)
<use resources/p2.2.1.png>
Package pdftex.def Info: resources/p2.2.1.png  used on input line 320.
(pdftex.def)             Requested size: 491.4295pt x 276.4291pt.
<resources/p2.2.2.png, id=285, 1445.4pt x 813.0375pt>
File: resources/p2.2.2.png Graphic file (type png)
<use resources/p2.2.2.png>
Package pdftex.def Info: resources/p2.2.2.png  used on input line 325.
(pdftex.def)             Requested size: 491.4295pt x 276.4291pt.
 [25 <./resources/p2.1.1.png> <./resources/p2.1.2.png>] [26 <./resources/p2.2.1
.png> <./resources/p2.2.2.png>]
<resources/p3.1.png, id=302, 1445.4pt x 813.0375pt>
File: resources/p3.1.png Graphic file (type png)
<use resources/p3.1.png>
Package pdftex.def Info: resources/p3.1.png  used on input line 333.
(pdftex.def)             Requested size: 491.4295pt x 276.4291pt.
<resources/p3.2.png, id=303, 1445.4pt x 813.0375pt>
File: resources/p3.2.png Graphic file (type png)
<use resources/p3.2.png>
Package pdftex.def Info: resources/p3.2.png  used on input line 338.
(pdftex.def)             Requested size: 491.4295pt x 276.4291pt.
 [27 <./resources/p3.1.png>]
<resources/p3.3.png, id=310, 1445.4pt x 813.0375pt>
File: resources/p3.3.png Graphic file (type png)
<use resources/p3.3.png>
Package pdftex.def Info: resources/p3.3.png  used on input line 344.
(pdftex.def)             Requested size: 491.4295pt x 276.4291pt.
<resources/p3.4.png, id=311, 1445.4pt x 813.0375pt>
File: resources/p3.4.png Graphic file (type png)
<use resources/p3.4.png>
Package pdftex.def Info: resources/p3.4.png  used on input line 349.
(pdftex.def)             Requested size: 491.4295pt x 276.4291pt.
 [28 <./resources/p3.2.png> <./resources/p3.3.png>]
<resources/p3.6_recompra.png, id=320, 1445.4pt x 813.0375pt>
File: resources/p3.6_recompra.png Graphic file (type png)
<use resources/p3.6_recompra.png>
Package pdftex.def Info: resources/p3.6_recompra.png  used on input line 355.
(pdftex.def)             Requested size: 491.4295pt x 276.4291pt.
<resources/p3.7_recompra.png, id=321, 1445.4pt x 813.0375pt>
File: resources/p3.7_recompra.png Graphic file (type png)
<use resources/p3.7_recompra.png>
Package pdftex.def Info: resources/p3.7_recompra.png  used on input line 360.
(pdftex.def)             Requested size: 491.4295pt x 276.4291pt.
 [29 <./resources/p3.4.png>]
<resources/bdp3.png, id=328, 1445.4pt x 813.0375pt>
File: resources/bdp3.png Graphic file (type png)
<use resources/bdp3.png>
Package pdftex.def Info: resources/bdp3.png  used on input line 366.
(pdftex.def)             Requested size: 491.4295pt x 276.4291pt.
 [30 <./resources/p3.6_recompra.png> <./resources/p3.7_recompra.png>]
<resources/Screenshot_20211113-005920.png, id=338, 1084.05pt x 2348.775pt>
File: resources/Screenshot_20211113-005920.png Graphic file (type png)
<use resources/Screenshot_20211113-005920.png>
Package pdftex.def Info: resources/Screenshot_20211113-005920.png  used on inpu
t line 372.
(pdftex.def)             Requested size: 292.69742pt x 634.17773pt.
<resources/Screenshot_20211113-005930.png, id=339, 1084.05pt x 2348.775pt>
File: resources/Screenshot_20211113-005930.png Graphic file (type png)
<use resources/Screenshot_20211113-005930.png>
Package pdftex.def Info: resources/Screenshot_20211113-005930.png  used on inpu
t line 377.
(pdftex.def)             Requested size: 292.69742pt x 634.17773pt.

[31 <./resources/bdp3.png>]
<resources/Screenshot_20211113-005957.png, id=346, 1084.05pt x 2348.775pt>
File: resources/Screenshot_20211113-005957.png Graphic file (type png)
<use resources/Screenshot_20211113-005957.png>
Package pdftex.def Info: resources/Screenshot_20211113-005957.png  used on inpu
t line 382.
(pdftex.def)             Requested size: 292.69742pt x 634.17773pt.
 [32 <./resources/Screenshot_20211113-005920.png>]
[33 <./resources/Screenshot_20211113-005930.png>]
<resources/bdp3.1.png, id=359, 1445.4pt x 813.0375pt>
File: resources/bdp3.1.png Graphic file (type png)
<use resources/bdp3.1.png>
Package pdftex.def Info: resources/bdp3.1.png  used on input line 388.
(pdftex.def)             Requested size: 491.4295pt x 276.4291pt.
 [34 <./resources/Screenshot_20211113-005957.png>]
<resources/p3mas.png, id=366, 1445.4pt x 813.0375pt>
File: resources/p3mas.png Graphic file (type png)
<use resources/p3mas.png>
Package pdftex.def Info: resources/p3mas.png  used on input line 394.
(pdftex.def)             Requested size: 491.4295pt x 276.4291pt.
<resources/p3mas1.png, id=367, 1445.4pt x 813.0375pt>
File: resources/p3mas1.png Graphic file (type png)
<use resources/p3mas1.png>
Package pdftex.def Info: resources/p3mas1.png  used on input line 399.
(pdftex.def)             Requested size: 491.4295pt x 276.4291pt.
 [35 <./resources/bdp3.1.png>]
<resources/p3masbd.png, id=374, 1445.4pt x 813.0375pt>
File: resources/p3masbd.png Graphic file (type png)
<use resources/p3masbd.png>
Package pdftex.def Info: resources/p3masbd.png  used on input line 404.
(pdftex.def)             Requested size: 491.4295pt x 276.4291pt.
 [36 <./resources/p3mas.png> <./resources/p3mas1.png>]
<resources/p3mascond.png, id=384, 1445.4pt x 813.0375pt>
File: resources/p3mascond.png Graphic file (type png)
<use resources/p3mascond.png>
Package pdftex.def Info: resources/p3mascond.png  used on input line 410.
(pdftex.def)             Requested size: 491.4295pt x 276.4291pt.
<resources/p3mascon1.png, id=385, 1445.4pt x 813.0375pt>
File: resources/p3mascon1.png Graphic file (type png)
<use resources/p3mascon1.png>
Package pdftex.def Info: resources/p3mascon1.png  used on input line 415.
(pdftex.def)             Requested size: 491.4295pt x 276.4291pt.
<resources/p3masconbd.png, id=386, 1445.4pt x 813.0375pt>
File: resources/p3masconbd.png Graphic file (type png)
<use resources/p3masconbd.png>
Package pdftex.def Info: resources/p3masconbd.png  used on input line 420.
(pdftex.def)             Requested size: 491.4295pt x 276.4291pt.
 [37 <./resources/p3masbd.png> <./resources/p3mascond.png>]
<resources/p4.png, id=395, 1445.4pt x 813.0375pt>
File: resources/p4.png Graphic file (type png)
<use resources/p4.png>
Package pdftex.def Info: resources/p4.png  used on input line 427.
(pdftex.def)             Requested size: 491.4295pt x 276.4291pt.
 [38 <./resources/p3mascon1.png> <./resources/p3masconbd.png>]
<resources/Screenshot_20211113-023957.png, id=404, 1084.05pt x 2348.775pt>
File: resources/Screenshot_20211113-023957.png Graphic file (type png)
<use resources/Screenshot_20211113-023957.png>
Package pdftex.def Info: resources/Screenshot_20211113-023957.png  used on inpu
t line 432.
(pdftex.def)             Requested size: 292.69742pt x 634.17773pt.
<resources/Screenshot_20211113-024007.png, id=405, 1084.05pt x 2348.775pt>
File: resources/Screenshot_20211113-024007.png Graphic file (type png)
<use resources/Screenshot_20211113-024007.png>
Package pdftex.def Info: resources/Screenshot_20211113-024007.png  used on inpu
t line 437.
(pdftex.def)             Requested size: 292.69742pt x 634.17773pt.
 [39 <./resources/p4.png>] [40 <./resources/Screenshot_20211113-023957.png>]
<resources/p4bd.png, id=418, 1445.4pt x 813.0375pt>
File: resources/p4bd.png Graphic file (type png)
<use resources/p4bd.png>
Package pdftex.def Info: resources/p4bd.png  used on input line 443.
(pdftex.def)             Requested size: 491.4295pt x 276.4291pt.
 [41 <./resources/Screenshot_20211113-024007.png>]
Underfull \hbox (badness 7963) in paragraph at lines 450--450
[]\OT1/cmr/m/n/10.95 Docs.oracle.com. 2021. Pre-pa-redS-ta-te-ment (Ja-va Plat-
form SE 7 ). [on-li-ne] Avai-la-ble at:
 []


Underfull \hbox (badness 10000) in paragraph at lines 451--452
[]\OT1/cmr/m/n/10.95 Cis.upenn.edu. 2021. [on-li-ne] Avai-la-ble at: https://ww
w.cis.upenn.edu/~bc-pier-ce/-cour-se-
 []

[42pdfTeX warning (ext4): destination with the same identifier (name{cite.cite_
key1}) has been already used, duplicate ignored
<argument> ...shipout:D \box_use:N \l_shipout_box 
                                                  
l.452 
       <./resources/p4bd.png>] [43pdfTeX warning (ext4): destination with the s
ame identifier (name{cite.cite_key1}) has been already used, duplicate ignored
<argument> ...shipout:D \box_use:N \l_shipout_box 
                                                  
l.454 \end{document}
                    ]
(Tarea 8. Desarrollo de un sistema utilizando un servicio web.aux
LaTeX Info: Redefining \. on input line 26.
LaTeX Info: Redefining \% on input line 26.
)

LaTeX Warning: There were multiply-defined labels.

Package rerunfilecheck Info: File `"Tarea 8. Desarrollo de un sistema utilizand
o un servicio web".out' has not changed.
(rerunfilecheck)             Checksum: FDD5E322ED9FDFCB639612881F801D39;2488.
 ) 
Here is how much of TeX's memory you used:
 26713 strings out of 479334
 468364 string characters out of 4607084
 5760908 words of memory out of 10000000
 43551 multiletter control sequences out of 15000+200000
 412149 words of font info for 58 fonts, out of 5000000 for 9000
 1141 hyphenation exceptions out of 8191
 86i,12n,88p,1412b,486s stack positions out of 5000i,500n,10000p,5000000b,50000s
<C:/Users/josue/AppData/Local/Programs/MiKTeX/fonts/type1/public/amsfonts/cm/
cmbx10.pfb><C:/Users/josue/AppData/Local/Programs/MiKTeX/fonts/type1/public/ams
fonts/cm/cmbx12.pfb><C:/Users/josue/AppData/Local/Programs/MiKTeX/fonts/type1/p
ublic/amsfonts/cm/cmcsc10.pfb><C:/Users/josue/AppData/Local/Programs/MiKTeX/fon
ts/type1/public/amsfonts/cm/cmr10.pfb><C:/Users/josue/AppData/Local/Programs/Mi
KTeX/fonts/type1/public/amsfonts/cm/cmr12.pfb><C:/Users/josue/AppData/Local/Pro
grams/MiKTeX/fonts/type1/public/amsfonts/cm/cmr17.pfb><C:/Users/josue/AppData/L
ocal/Programs/MiKTeX/fonts/type1/public/amsfonts/cm/cmti12.pfb>
Output written on "Tarea 8. Desarrollo de un sistema utilizando un servicio web
.pdf" (44 pages, 7056898 bytes).
PDF statistics:
 490 PDF objects out of 1000 (max. 8388607)
 124 named destinations out of 1000 (max. 500000)
 389 words of extra memory for PDF output out of 10000 (max. 10000000)

